<?xml version="1.0" encoding="UTF-8"?>
<testsuite xmlns:xsi="http://www.w3.org/2001/XMLSchema-instance" xsi:noNamespaceSchemaLocation="https://maven.apache.org/surefire/maven-surefire-plugin/xsd/surefire-test-report.xsd" name="cn.wenda.test.JedisTest" time="0.177" tests="1" errors="0" skipped="0" failures="0">
  <properties>
    <property name="sun.desktop" value="windows"/>
    <property name="awt.toolkit" value="sun.awt.windows.WToolkit"/>
    <property name="file.encoding.pkg" value="sun.io"/>
    <property name="java.specification.version" value="1.8"/>
    <property name="sun.cpu.isalist" value="amd64"/>
    <property name="sun.jnu.encoding" value="GBK"/>
    <property name="java.class.path" value="E:\git\问答平台\wenda 1.0\target\test-classes;E:\git\问答平台\wenda 1.0\target\classes;E:\Maven\respository\com\alibaba\fastjson\1.2.54\fastjson-1.2.54.jar;E:\Maven\respository\org\springframework\boot\spring-boot-starter\2.1.0.RELEASE\spring-boot-starter-2.1.0.RELEASE.jar;E:\Maven\respository\org\springframework\boot\spring-boot\2.1.0.RELEASE\spring-boot-2.1.0.RELEASE.jar;E:\Maven\respository\org\springframework\boot\spring-boot-autoconfigure\2.1.0.RELEASE\spring-boot-autoconfigure-2.1.0.RELEASE.jar;E:\Maven\respository\javax\annotation\javax.annotation-api\1.3.2\javax.annotation-api-1.3.2.jar;E:\Maven\respository\org\springframework\spring-core\5.1.2.RELEASE\spring-core-5.1.2.RELEASE.jar;E:\Maven\respository\org\springframework\spring-jcl\5.1.2.RELEASE\spring-jcl-5.1.2.RELEASE.jar;E:\Maven\respository\org\yaml\snakeyaml\1.23\snakeyaml-1.23.jar;E:\Maven\respository\org\springframework\boot\spring-boot-starter-log4j\1.3.8.RELEASE\spring-boot-starter-log4j-1.3.8.RELEASE.jar;E:\Maven\respository\org\slf4j\jcl-over-slf4j\1.7.25\jcl-over-slf4j-1.7.25.jar;E:\Maven\respository\org\slf4j\slf4j-api\1.7.25\slf4j-api-1.7.25.jar;E:\Maven\respository\org\slf4j\jul-to-slf4j\1.7.25\jul-to-slf4j-1.7.25.jar;E:\Maven\respository\org\slf4j\slf4j-log4j12\1.7.25\slf4j-log4j12-1.7.25.jar;E:\Maven\respository\log4j\log4j\1.2.17\log4j-1.2.17.jar;E:\Maven\respository\org\springframework\boot\spring-boot-starter-web\2.1.0.RELEASE\spring-boot-starter-web-2.1.0.RELEASE.jar;E:\Maven\respository\org\springframework\boot\spring-boot-starter-json\2.1.0.RELEASE\spring-boot-starter-json-2.1.0.RELEASE.jar;E:\Maven\respository\com\fasterxml\jackson\core\jackson-databind\2.9.7\jackson-databind-2.9.7.jar;E:\Maven\respository\com\fasterxml\jackson\core\jackson-annotations\2.9.0\jackson-annotations-2.9.0.jar;E:\Maven\respository\com\fasterxml\jackson\core\jackson-core\2.9.7\jackson-core-2.9.7.jar;E:\Maven\respository\com\fasterxml\jackson\datatype\jackson-datatype-jdk8\2.9.7\jackson-datatype-jdk8-2.9.7.jar;E:\Maven\respository\com\fasterxml\jackson\datatype\jackson-datatype-jsr310\2.9.7\jackson-datatype-jsr310-2.9.7.jar;E:\Maven\respository\com\fasterxml\jackson\module\jackson-module-parameter-names\2.9.7\jackson-module-parameter-names-2.9.7.jar;E:\Maven\respository\org\springframework\boot\spring-boot-starter-tomcat\2.1.0.RELEASE\spring-boot-starter-tomcat-2.1.0.RELEASE.jar;E:\Maven\respository\org\apache\tomcat\embed\tomcat-embed-core\9.0.12\tomcat-embed-core-9.0.12.jar;E:\Maven\respository\org\apache\tomcat\embed\tomcat-embed-el\9.0.12\tomcat-embed-el-9.0.12.jar;E:\Maven\respository\org\apache\tomcat\embed\tomcat-embed-websocket\9.0.12\tomcat-embed-websocket-9.0.12.jar;E:\Maven\respository\org\hibernate\validator\hibernate-validator\6.0.13.Final\hibernate-validator-6.0.13.Final.jar;E:\Maven\respository\javax\validation\validation-api\2.0.1.Final\validation-api-2.0.1.Final.jar;E:\Maven\respository\org\jboss\logging\jboss-logging\3.3.2.Final\jboss-logging-3.3.2.Final.jar;E:\Maven\respository\com\fasterxml\classmate\1.4.0\classmate-1.4.0.jar;E:\Maven\respository\org\springframework\spring-web\5.1.2.RELEASE\spring-web-5.1.2.RELEASE.jar;E:\Maven\respository\org\springframework\spring-beans\5.1.2.RELEASE\spring-beans-5.1.2.RELEASE.jar;E:\Maven\respository\org\springframework\spring-webmvc\5.1.2.RELEASE\spring-webmvc-5.1.2.RELEASE.jar;E:\Maven\respository\org\springframework\spring-aop\5.1.2.RELEASE\spring-aop-5.1.2.RELEASE.jar;E:\Maven\respository\org\springframework\spring-expression\5.1.2.RELEASE\spring-expression-5.1.2.RELEASE.jar;E:\Maven\respository\org\springframework\boot\spring-boot-devtools\2.1.0.RELEASE\spring-boot-devtools-2.1.0.RELEASE.jar;E:\Maven\respository\org\springframework\boot\spring-boot-starter-test\2.1.0.RELEASE\spring-boot-starter-test-2.1.0.RELEASE.jar;E:\Maven\respository\org\springframework\boot\spring-boot-test\2.1.0.RELEASE\spring-boot-test-2.1.0.RELEASE.jar;E:\Maven\respository\org\springframework\boot\spring-boot-test-autoconfigure\2.1.0.RELEASE\spring-boot-test-autoconfigure-2.1.0.RELEASE.jar;E:\Maven\respository\com\jayway\jsonpath\json-path\2.4.0\json-path-2.4.0.jar;E:\Maven\respository\net\minidev\json-smart\2.3\json-smart-2.3.jar;E:\Maven\respository\net\minidev\accessors-smart\1.2\accessors-smart-1.2.jar;E:\Maven\respository\org\ow2\asm\asm\5.0.4\asm-5.0.4.jar;E:\Maven\respository\junit\junit\4.12\junit-4.12.jar;E:\Maven\respository\org\assertj\assertj-core\3.11.1\assertj-core-3.11.1.jar;E:\Maven\respository\org\mockito\mockito-core\2.23.0\mockito-core-2.23.0.jar;E:\Maven\respository\net\bytebuddy\byte-buddy\1.9.3\byte-buddy-1.9.3.jar;E:\Maven\respository\net\bytebuddy\byte-buddy-agent\1.9.3\byte-buddy-agent-1.9.3.jar;E:\Maven\respository\org\objenesis\objenesis\2.6\objenesis-2.6.jar;E:\Maven\respository\org\hamcrest\hamcrest-core\1.3\hamcrest-core-1.3.jar;E:\Maven\respository\org\hamcrest\hamcrest-library\1.3\hamcrest-library-1.3.jar;E:\Maven\respository\org\skyscreamer\jsonassert\1.5.0\jsonassert-1.5.0.jar;E:\Maven\respository\com\vaadin\external\google\android-json\0.0.20131108.vaadin1\android-json-0.0.20131108.vaadin1.jar;E:\Maven\respository\org\springframework\spring-test\5.1.2.RELEASE\spring-test-5.1.2.RELEASE.jar;E:\Maven\respository\org\xmlunit\xmlunit-core\2.6.2\xmlunit-core-2.6.2.jar;E:\Maven\respository\org\springframework\boot\spring-boot-starter-thymeleaf\2.1.0.RELEASE\spring-boot-starter-thymeleaf-2.1.0.RELEASE.jar;E:\Maven\respository\org\thymeleaf\thymeleaf-spring5\3.0.11.RELEASE\thymeleaf-spring5-3.0.11.RELEASE.jar;E:\Maven\respository\org\thymeleaf\thymeleaf\3.0.11.RELEASE\thymeleaf-3.0.11.RELEASE.jar;E:\Maven\respository\org\attoparser\attoparser\2.0.5.RELEASE\attoparser-2.0.5.RELEASE.jar;E:\Maven\respository\org\unbescape\unbescape\1.1.6.RELEASE\unbescape-1.1.6.RELEASE.jar;E:\Maven\respository\org\thymeleaf\extras\thymeleaf-extras-java8time\3.0.1.RELEASE\thymeleaf-extras-java8time-3.0.1.RELEASE.jar;E:\Maven\respository\org\springframework\boot\spring-boot-starter-mail\2.1.0.RELEASE\spring-boot-starter-mail-2.1.0.RELEASE.jar;E:\Maven\respository\org\springframework\spring-context\5.1.2.RELEASE\spring-context-5.1.2.RELEASE.jar;E:\Maven\respository\org\springframework\spring-context-support\5.1.2.RELEASE\spring-context-support-5.1.2.RELEASE.jar;E:\Maven\respository\com\sun\mail\javax.mail\1.6.2\javax.mail-1.6.2.jar;E:\Maven\respository\javax\activation\activation\1.1\activation-1.1.jar;E:\Maven\respository\org\mybatis\spring\boot\mybatis-spring-boot-starter\1.1.1\mybatis-spring-boot-starter-1.1.1.jar;E:\Maven\respository\org\mybatis\spring\boot\mybatis-spring-boot-autoconfigure\1.1.1\mybatis-spring-boot-autoconfigure-1.1.1.jar;E:\Maven\respository\org\mybatis\mybatis\3.4.0\mybatis-3.4.0.jar;E:\Maven\respository\org\mybatis\mybatis-spring\1.3.0\mybatis-spring-1.3.0.jar;E:\Maven\respository\org\springframework\boot\spring-boot-starter-jdbc\2.1.0.RELEASE\spring-boot-starter-jdbc-2.1.0.RELEASE.jar;E:\Maven\respository\com\zaxxer\HikariCP\3.2.0\HikariCP-3.2.0.jar;E:\Maven\respository\org\springframework\spring-jdbc\5.1.2.RELEASE\spring-jdbc-5.1.2.RELEASE.jar;E:\Maven\respository\org\springframework\spring-tx\5.1.2.RELEASE\spring-tx-5.1.2.RELEASE.jar;E:\Maven\respository\mysql\mysql-connector-java\8.0.13\mysql-connector-java-8.0.13.jar;E:\Maven\respository\com\alibaba\druid\1.0.23\druid-1.0.23.jar;C:\Program Files\Java\jdk1.8.0_161\jre\..\lib\jconsole.jar;C:\Program Files\Java\jdk1.8.0_161\jre\..\lib\tools.jar;E:\Maven\respository\org\apache\commons\commons-lang3\3.8.1\commons-lang3-3.8.1.jar;E:\Maven\respository\redis\clients\jedis\2.9.0\jedis-2.9.0.jar;E:\Maven\respository\org\apache\commons\commons-pool2\2.6.0\commons-pool2-2.6.0.jar;E:\Maven\respository\javax\mail\javax.mail-api\1.6.2\javax.mail-api-1.6.2.jar;E:\Maven\respository\org\springframework\boot\spring-boot-configuration-processor\2.1.0.RELEASE\spring-boot-configuration-processor-2.1.0.RELEASE.jar;"/>
    <property name="java.vm.vendor" value="Oracle Corporation"/>
    <property name="sun.arch.data.model" value="64"/>
    <property name="user.variant" value=""/>
    <property name="java.vendor.url" value="http://java.oracle.com/"/>
    <property name="user.timezone" value="Asia/Shanghai"/>
    <property name="java.vm.specification.version" value="1.8"/>
    <property name="os.name" value="Windows 10"/>
    <property name="user.country" value="CN"/>
    <property name="sun.java.launcher" value="SUN_STANDARD"/>
    <property name="sun.boot.library.path" value="C:\Program Files\Java\jdk1.8.0_161\jre\bin"/>
    <property name="sun.java.command" value="C:\Users\ASUS\AppData\Local\Temp\surefire1251519570791146363\surefirebooter6521200284693868095.jar C:\Users\ASUS\AppData\Local\Temp\surefire1251519570791146363 2019-02-16T14-57-12_857-jvmRun1 surefire7440793763914816434tmp surefire_02474855727215656507tmp"/>
    <property name="surefire.test.class.path" value="E:\git\问答平台\wenda 1.0\target\test-classes;E:\git\问答平台\wenda 1.0\target\classes;E:\Maven\respository\com\alibaba\fastjson\1.2.54\fastjson-1.2.54.jar;E:\Maven\respository\org\springframework\boot\spring-boot-starter\2.1.0.RELEASE\spring-boot-starter-2.1.0.RELEASE.jar;E:\Maven\respository\org\springframework\boot\spring-boot\2.1.0.RELEASE\spring-boot-2.1.0.RELEASE.jar;E:\Maven\respository\org\springframework\boot\spring-boot-autoconfigure\2.1.0.RELEASE\spring-boot-autoconfigure-2.1.0.RELEASE.jar;E:\Maven\respository\javax\annotation\javax.annotation-api\1.3.2\javax.annotation-api-1.3.2.jar;E:\Maven\respository\org\springframework\spring-core\5.1.2.RELEASE\spring-core-5.1.2.RELEASE.jar;E:\Maven\respository\org\springframework\spring-jcl\5.1.2.RELEASE\spring-jcl-5.1.2.RELEASE.jar;E:\Maven\respository\org\yaml\snakeyaml\1.23\snakeyaml-1.23.jar;E:\Maven\respository\org\springframework\boot\spring-boot-starter-log4j\1.3.8.RELEASE\spring-boot-starter-log4j-1.3.8.RELEASE.jar;E:\Maven\respository\org\slf4j\jcl-over-slf4j\1.7.25\jcl-over-slf4j-1.7.25.jar;E:\Maven\respository\org\slf4j\slf4j-api\1.7.25\slf4j-api-1.7.25.jar;E:\Maven\respository\org\slf4j\jul-to-slf4j\1.7.25\jul-to-slf4j-1.7.25.jar;E:\Maven\respository\org\slf4j\slf4j-log4j12\1.7.25\slf4j-log4j12-1.7.25.jar;E:\Maven\respository\log4j\log4j\1.2.17\log4j-1.2.17.jar;E:\Maven\respository\org\springframework\boot\spring-boot-starter-web\2.1.0.RELEASE\spring-boot-starter-web-2.1.0.RELEASE.jar;E:\Maven\respository\org\springframework\boot\spring-boot-starter-json\2.1.0.RELEASE\spring-boot-starter-json-2.1.0.RELEASE.jar;E:\Maven\respository\com\fasterxml\jackson\core\jackson-databind\2.9.7\jackson-databind-2.9.7.jar;E:\Maven\respository\com\fasterxml\jackson\core\jackson-annotations\2.9.0\jackson-annotations-2.9.0.jar;E:\Maven\respository\com\fasterxml\jackson\core\jackson-core\2.9.7\jackson-core-2.9.7.jar;E:\Maven\respository\com\fasterxml\jackson\datatype\jackson-datatype-jdk8\2.9.7\jackson-datatype-jdk8-2.9.7.jar;E:\Maven\respository\com\fasterxml\jackson\datatype\jackson-datatype-jsr310\2.9.7\jackson-datatype-jsr310-2.9.7.jar;E:\Maven\respository\com\fasterxml\jackson\module\jackson-module-parameter-names\2.9.7\jackson-module-parameter-names-2.9.7.jar;E:\Maven\respository\org\springframework\boot\spring-boot-starter-tomcat\2.1.0.RELEASE\spring-boot-starter-tomcat-2.1.0.RELEASE.jar;E:\Maven\respository\org\apache\tomcat\embed\tomcat-embed-core\9.0.12\tomcat-embed-core-9.0.12.jar;E:\Maven\respository\org\apache\tomcat\embed\tomcat-embed-el\9.0.12\tomcat-embed-el-9.0.12.jar;E:\Maven\respository\org\apache\tomcat\embed\tomcat-embed-websocket\9.0.12\tomcat-embed-websocket-9.0.12.jar;E:\Maven\respository\org\hibernate\validator\hibernate-validator\6.0.13.Final\hibernate-validator-6.0.13.Final.jar;E:\Maven\respository\javax\validation\validation-api\2.0.1.Final\validation-api-2.0.1.Final.jar;E:\Maven\respository\org\jboss\logging\jboss-logging\3.3.2.Final\jboss-logging-3.3.2.Final.jar;E:\Maven\respository\com\fasterxml\classmate\1.4.0\classmate-1.4.0.jar;E:\Maven\respository\org\springframework\spring-web\5.1.2.RELEASE\spring-web-5.1.2.RELEASE.jar;E:\Maven\respository\org\springframework\spring-beans\5.1.2.RELEASE\spring-beans-5.1.2.RELEASE.jar;E:\Maven\respository\org\springframework\spring-webmvc\5.1.2.RELEASE\spring-webmvc-5.1.2.RELEASE.jar;E:\Maven\respository\org\springframework\spring-aop\5.1.2.RELEASE\spring-aop-5.1.2.RELEASE.jar;E:\Maven\respository\org\springframework\spring-expression\5.1.2.RELEASE\spring-expression-5.1.2.RELEASE.jar;E:\Maven\respository\org\springframework\boot\spring-boot-devtools\2.1.0.RELEASE\spring-boot-devtools-2.1.0.RELEASE.jar;E:\Maven\respository\org\springframework\boot\spring-boot-starter-test\2.1.0.RELEASE\spring-boot-starter-test-2.1.0.RELEASE.jar;E:\Maven\respository\org\springframework\boot\spring-boot-test\2.1.0.RELEASE\spring-boot-test-2.1.0.RELEASE.jar;E:\Maven\respository\org\springframework\boot\spring-boot-test-autoconfigure\2.1.0.RELEASE\spring-boot-test-autoconfigure-2.1.0.RELEASE.jar;E:\Maven\respository\com\jayway\jsonpath\json-path\2.4.0\json-path-2.4.0.jar;E:\Maven\respository\net\minidev\json-smart\2.3\json-smart-2.3.jar;E:\Maven\respository\net\minidev\accessors-smart\1.2\accessors-smart-1.2.jar;E:\Maven\respository\org\ow2\asm\asm\5.0.4\asm-5.0.4.jar;E:\Maven\respository\junit\junit\4.12\junit-4.12.jar;E:\Maven\respository\org\assertj\assertj-core\3.11.1\assertj-core-3.11.1.jar;E:\Maven\respository\org\mockito\mockito-core\2.23.0\mockito-core-2.23.0.jar;E:\Maven\respository\net\bytebuddy\byte-buddy\1.9.3\byte-buddy-1.9.3.jar;E:\Maven\respository\net\bytebuddy\byte-buddy-agent\1.9.3\byte-buddy-agent-1.9.3.jar;E:\Maven\respository\org\objenesis\objenesis\2.6\objenesis-2.6.jar;E:\Maven\respository\org\hamcrest\hamcrest-core\1.3\hamcrest-core-1.3.jar;E:\Maven\respository\org\hamcrest\hamcrest-library\1.3\hamcrest-library-1.3.jar;E:\Maven\respository\org\skyscreamer\jsonassert\1.5.0\jsonassert-1.5.0.jar;E:\Maven\respository\com\vaadin\external\google\android-json\0.0.20131108.vaadin1\android-json-0.0.20131108.vaadin1.jar;E:\Maven\respository\org\springframework\spring-test\5.1.2.RELEASE\spring-test-5.1.2.RELEASE.jar;E:\Maven\respository\org\xmlunit\xmlunit-core\2.6.2\xmlunit-core-2.6.2.jar;E:\Maven\respository\org\springframework\boot\spring-boot-starter-thymeleaf\2.1.0.RELEASE\spring-boot-starter-thymeleaf-2.1.0.RELEASE.jar;E:\Maven\respository\org\thymeleaf\thymeleaf-spring5\3.0.11.RELEASE\thymeleaf-spring5-3.0.11.RELEASE.jar;E:\Maven\respository\org\thymeleaf\thymeleaf\3.0.11.RELEASE\thymeleaf-3.0.11.RELEASE.jar;E:\Maven\respository\org\attoparser\attoparser\2.0.5.RELEASE\attoparser-2.0.5.RELEASE.jar;E:\Maven\respository\org\unbescape\unbescape\1.1.6.RELEASE\unbescape-1.1.6.RELEASE.jar;E:\Maven\respository\org\thymeleaf\extras\thymeleaf-extras-java8time\3.0.1.RELEASE\thymeleaf-extras-java8time-3.0.1.RELEASE.jar;E:\Maven\respository\org\springframework\boot\spring-boot-starter-mail\2.1.0.RELEASE\spring-boot-starter-mail-2.1.0.RELEASE.jar;E:\Maven\respository\org\springframework\spring-context\5.1.2.RELEASE\spring-context-5.1.2.RELEASE.jar;E:\Maven\respository\org\springframework\spring-context-support\5.1.2.RELEASE\spring-context-support-5.1.2.RELEASE.jar;E:\Maven\respository\com\sun\mail\javax.mail\1.6.2\javax.mail-1.6.2.jar;E:\Maven\respository\javax\activation\activation\1.1\activation-1.1.jar;E:\Maven\respository\org\mybatis\spring\boot\mybatis-spring-boot-starter\1.1.1\mybatis-spring-boot-starter-1.1.1.jar;E:\Maven\respository\org\mybatis\spring\boot\mybatis-spring-boot-autoconfigure\1.1.1\mybatis-spring-boot-autoconfigure-1.1.1.jar;E:\Maven\respository\org\mybatis\mybatis\3.4.0\mybatis-3.4.0.jar;E:\Maven\respository\org\mybatis\mybatis-spring\1.3.0\mybatis-spring-1.3.0.jar;E:\Maven\respository\org\springframework\boot\spring-boot-starter-jdbc\2.1.0.RELEASE\spring-boot-starter-jdbc-2.1.0.RELEASE.jar;E:\Maven\respository\com\zaxxer\HikariCP\3.2.0\HikariCP-3.2.0.jar;E:\Maven\respository\org\springframework\spring-jdbc\5.1.2.RELEASE\spring-jdbc-5.1.2.RELEASE.jar;E:\Maven\respository\org\springframework\spring-tx\5.1.2.RELEASE\spring-tx-5.1.2.RELEASE.jar;E:\Maven\respository\mysql\mysql-connector-java\8.0.13\mysql-connector-java-8.0.13.jar;E:\Maven\respository\com\alibaba\druid\1.0.23\druid-1.0.23.jar;C:\Program Files\Java\jdk1.8.0_161\jre\..\lib\jconsole.jar;C:\Program Files\Java\jdk1.8.0_161\jre\..\lib\tools.jar;E:\Maven\respository\org\apache\commons\commons-lang3\3.8.1\commons-lang3-3.8.1.jar;E:\Maven\respository\redis\clients\jedis\2.9.0\jedis-2.9.0.jar;E:\Maven\respository\org\apache\commons\commons-pool2\2.6.0\commons-pool2-2.6.0.jar;E:\Maven\respository\javax\mail\javax.mail-api\1.6.2\javax.mail-api-1.6.2.jar;E:\Maven\respository\org\springframework\boot\spring-boot-configuration-processor\2.1.0.RELEASE\spring-boot-configuration-processor-2.1.0.RELEASE.jar;"/>
    <property name="sun.cpu.endian" value="little"/>
    <property name="user.home" value="C:\Users\ASUS"/>
    <property name="user.language" value="zh"/>
    <property name="java.specification.vendor" value="Oracle Corporation"/>
    <property name="java.home" value="C:\Program Files\Java\jdk1.8.0_161\jre"/>
    <property name="basedir" value="E:\git\问答平台\wenda 1.0"/>
    <property name="file.separator" value="\"/>
    <property name="line.separator" value="&#10;"/>
    <property name="java.vm.specification.vendor" value="Oracle Corporation"/>
    <property name="java.specification.name" value="Java Platform API Specification"/>
    <property name="java.awt.graphicsenv" value="sun.awt.Win32GraphicsEnvironment"/>
    <property name="surefire.real.class.path" value="C:\Users\ASUS\AppData\Local\Temp\surefire1251519570791146363\surefirebooter6521200284693868095.jar"/>
    <property name="sun.boot.class.path" value="C:\Program Files\Java\jdk1.8.0_161\jre\lib\resources.jar;C:\Program Files\Java\jdk1.8.0_161\jre\lib\rt.jar;C:\Program Files\Java\jdk1.8.0_161\jre\lib\sunrsasign.jar;C:\Program Files\Java\jdk1.8.0_161\jre\lib\jsse.jar;C:\Program Files\Java\jdk1.8.0_161\jre\lib\jce.jar;C:\Program Files\Java\jdk1.8.0_161\jre\lib\charsets.jar;C:\Program Files\Java\jdk1.8.0_161\jre\lib\jfr.jar;C:\Program Files\Java\jdk1.8.0_161\jre\classes"/>
    <property name="user.script" value=""/>
    <property name="sun.management.compiler" value="HotSpot 64-Bit Tiered Compilers"/>
    <property name="java.runtime.version" value="1.8.0_161-b12"/>
    <property name="user.name" value="ASUS"/>
    <property name="path.separator" value=";"/>
    <property name="os.version" value="10.0"/>
    <property name="java.endorsed.dirs" value="C:\Program Files\Java\jdk1.8.0_161\jre\lib\endorsed"/>
    <property name="java.runtime.name" value="Java(TM) SE Runtime Environment"/>
    <property name="file.encoding" value="GBK"/>
    <property name="java.vm.name" value="Java HotSpot(TM) 64-Bit Server VM"/>
    <property name="localRepository" value="E:\Maven\respository"/>
    <property name="java.vendor.url.bug" value="http://bugreport.sun.com/bugreport/"/>
    <property name="java.io.tmpdir" value="C:\Users\ASUS\AppData\Local\Temp\"/>
    <property name="java.version" value="1.8.0_161"/>
    <property name="user.dir" value="E:\git\问答平台\wenda 1.0"/>
    <property name="os.arch" value="amd64"/>
    <property name="java.vm.specification.name" value="Java Virtual Machine Specification"/>
    <property name="java.awt.printerjob" value="sun.awt.windows.WPrinterJob"/>
    <property name="sun.os.patch.level" value=""/>
    <property name="java.library.path" value="C:\Program Files\Java\jdk1.8.0_161\jre\bin;C:\WINDOWS\Sun\Java\bin;C:\WINDOWS\system32;C:\WINDOWS;C:/Program Files/Java/jdk1.8.0_161/bin/../jre/bin/server;C:/Program Files/Java/jdk1.8.0_161/bin/../jre/bin;C:/Program Files/Java/jdk1.8.0_161/bin/../jre/lib/amd64;D:\oracle\product\11.2.0\dbhome_1\bin;C:\Program Files\MySQL\MySQL Server 5.7\bin;C:\Program Files\Java\jdk1.8.0_161\bin;C:\Program Files\Java\jdk1.8.0_161\jre\bin;C:\Program Files\dotnet\;C:\Program Files\Microsoft SQL Server\130\Tools\Binn\;E:\Maven\apache-maven-3.5.4\bin;D:\Git\cmd;C:\WINDOWS\system32;C:\WINDOWS;C:\Users\ASUS\AppData\Local\Programs\Python\Python37\Scripts\;C:\Users\ASUS\AppData\Local\Programs\Python\Python37\;D:\Scripts\;D:\;C:\Users\ASUS\AppData\Local\Microsoft\WindowsApps;F:\Android\adt-bundle-windows-x86_64-20140321\sdk\platform-tools;&quot;C:\Program Files\Java\jdk1.8.0_161\bin;C:\Program Files\Java\jdk1.8.0_161\jre\bin;&quot;;E:\IntelliJ IDEA 2018.3.1\bin;E:\sts-bundle\sts-3.9.6.RELEASE;;."/>
    <property name="java.vm.info" value="mixed mode"/>
    <property name="java.vendor" value="Oracle Corporation"/>
    <property name="java.vm.version" value="25.161-b12"/>
    <property name="java.ext.dirs" value="C:\Program Files\Java\jdk1.8.0_161\jre\lib\ext;C:\WINDOWS\Sun\Java\lib\ext"/>
    <property name="sun.io.unicode.encoding" value="UnicodeLittle"/>
    <property name="java.class.version" value="52.0"/>
  </properties>
  <testcase name="test" classname="cn.wenda.test.JedisTest" time="0.003"/>
</testsuite>